Info (2017-12-06 13:36:50.3551)--------- 
             
             Call Site:WindowsServiceRobot.Service1.GetRobotInfo
             Exception Type:
             Exception Message:
             Stack Trace:
             Additional Info: 
Info:http://edition.cnn.com/====== Robot is Working And Has Data
	

Info (2017-12-06 13:36:50.6341)--------- 
             
             Call Site:WindowsServiceRobot.Service1.GetRobotInfo
             Exception Type:
             Exception Message:
             Stack Trace:
             Additional Info: 
Info:https://vickychong.wordpress.com/====== Robot is Not Crawling
	

Info (2017-12-06 13:36:51.1336)--------- 
             
             Call Site:WindowsServiceRobot.Service1.GetRobotInfo
             Exception Type:
             Exception Message:
             Stack Trace:
             Additional Info: 
Info:http://www.bbc.com/====== Robot is Working And Has Data
	

Info (2017-12-06 13:36:51.3712)--------- 
             
             Call Site:WindowsServiceRobot.Service1.GetRobotInfo
             Exception Type:
             Exception Message:
             Stack Trace:
             Additional Info: 
Info:http://www.channelnewsasia.com/news/international====== Robot is Not Crawling
	

Info (2017-12-06 13:36:52.6588)--------- 
             
             Call Site:WindowsServiceRobot.Service1.GetRobotInfo
             Exception Type:
             Exception Message:
             Stack Trace:
             Additional Info: 
Info:https://www.reuters.com/====== Robot is Working And Has Data
	

Info (2017-12-06 13:36:55.5771)--------- 
             
             Call Site:WindowsServiceRobot.Service1.GetRobotInfo
             Exception Type:
             Exception Message:
             Stack Trace:
             Additional Info: 
Info:http://www.todayonline.com====== Robot is Working And Has Data
	

Info (2017-12-06 13:36:55.8093)--------- 
             
             Call Site:WindowsServiceRobot.Service1.GetRobotInfo
             Exception Type:
             Exception Message:
             Stack Trace:
             Additional Info: 
Info:https://www.kiasuparents.com/kiasu/article/====== Robot is Not Crawling
	

Info (2017-12-06 13:36:56.3329)--------- 
             
             Call Site:WindowsServiceRobot.Service1.GetRobotInfo
             Exception Type:
             Exception Message:
             Stack Trace:
             Additional Info: 
Info:https://www.antaranews.com/====== Robot is Working And Has Data
	

Info (2017-12-06 13:36:56.7717)--------- 
             
             Call Site:WindowsServiceRobot.Service1.GetRobotInfo
             Exception Type:
             Exception Message:
             Stack Trace:
             Additional Info: 
Info:http://www.yenicaggazetesi.com.tr/siyaset-haberleri-41hk.htm====== Robot is Working And Has Data
	

Info (2017-12-06 13:36:57.0303)--------- 
             
             Call Site:WindowsServiceRobot.Service1.GetRobotInfo
             Exception Type:
             Exception Message:
             Stack Trace:
             Additional Info: 
Info:https://www.mhp.org.tr/mhp_dil.php?dil=en====== Robot is Not Crawling
	

Info (2017-12-06 13:36:57.2824)--------- 
             
             Call Site:WindowsServiceRobot.Service1.GetRobotInfo
             Exception Type:
             Exception Message:
             Stack Trace:
             Additional Info: 
Info:http://www.meralaksener.com.tr/====== Robot is Not Crawling
	

Info (2017-12-06 13:36:57.8993)--------- 
             
             Call Site:WindowsServiceRobot.Service1.GetRobotInfo
             Exception Type:
             Exception Message:
             Stack Trace:
             Additional Info: 
Info:http://odatv.com/c.php?c=siyaset====== Robot is Working And Has Data
	

Info (2017-12-06 13:36:58.4363)--------- 
             
             Call Site:WindowsServiceRobot.Service1.GetRobotInfo
             Exception Type:
             Exception Message:
             Stack Trace:
             Additional Info: 
Info:http://nasional.kompas.com/====== Robot is Working And Has Data
	

Info (2017-12-06 13:36:59.1348)--------- 
             
             Call Site:WindowsServiceRobot.Service1.GetRobotInfo
             Exception Type:
             Exception Message:
             Stack Trace:
             Additional Info: 
Info:http://www.liputan6.com/====== Robot is Working And Has Data
	

Info (2017-12-06 13:36:59.3931)--------- 
             
             Call Site:WindowsServiceRobot.Service1.GetRobotInfo
             Exception Type:
             Exception Message:
             Stack Trace:
             Additional Info: 
Info:http://www.indonesiamedia.com/category/recent-articles/====== Robot is Not Crawling
	

Info (2017-12-06 13:36:59.9578)--------- 
             
             Call Site:WindowsServiceRobot.Service1.GetRobotInfo
             Exception Type:
             Exception Message:
             Stack Trace:
             Additional Info: 
Info:http://stomp.straitstimes.com/====== Robot is Working And Has Data
	

Info (2017-12-06 13:37:00.6869)--------- 
             
             Call Site:WindowsServiceRobot.Service1.GetRobotInfo
             Exception Type:
             Exception Message:
             Stack Trace:
             Additional Info: 
Info:http://www.mediaindonesia.com/====== Robot is Working And Has Data
	

Info (2017-12-06 13:37:00.9160)--------- 
             
             Call Site:WindowsServiceRobot.Service1.GetRobotInfo
             Exception Type:
             Exception Message:
             Stack Trace:
             Additional Info: 
Info:https://sg.news.yahoo.com/====== Robot is Not Crawling
	

Info (2017-12-06 13:37:01.1432)--------- 
             
             Call Site:WindowsServiceRobot.Service1.GetRobotInfo
             Exception Type:
             Exception Message:
             Stack Trace:
             Additional Info: 
Info:http://www.viva.co.id/indeks/berita/nasional====== Robot is Not Crawling
	

Info (2017-12-06 13:37:02.3828)--------- 
             
             Call Site:WindowsServiceRobot.Service1.GetRobotInfo
             Exception Type:
             Exception Message:
             Stack Trace:
             Additional Info: 
Info:https://www.kiasuparents.com/kiasu/forum/index.php====== Robot is Not Crawling
	

Info (2017-12-06 13:37:04.2042)--------- 
             
             Call Site:WindowsServiceRobot.Service1.GetRobotInfo
             Exception Type:
             Exception Message:
             Stack Trace:
             Additional Info: 
Info:https://www.tccb.gov.tr/en/activities/====== Robot is Working And Has Data
	

Info (2017-12-06 13:37:05.1933)--------- 
             
             Call Site:WindowsServiceRobot.Service1.GetRobotInfo
             Exception Type:
             Exception Message:
             Stack Trace:
             Additional Info: 
Info:http://www.hurriyetdailynews.com/====== Robot is Working And Has Data
	

Info (2017-12-06 13:37:05.4315)--------- 
             
             Call Site:WindowsServiceRobot.Service1.GetRobotInfo
             Exception Type:
             Exception Message:
             Stack Trace:
             Additional Info: 
Info:http://www.carigold.com/portal/forums/index.php====== Robot is Not Crawling
	

Info (2017-12-06 13:37:08.5432)--------- 
             
             Call Site:WindowsServiceRobot.Service1.GetRobotInfo
             Exception Type:
             Exception Message:
             Stack Trace:
             Additional Info: 
Info:https://www.dailysabah.com/====== Robot is Working And Has Data
	

Info (2017-12-06 13:37:09.9117)--------- 
             
             Call Site:WindowsServiceRobot.Service1.GetRobotInfo
             Exception Type:
             Exception Message:
             Stack Trace:
             Additional Info: 
Info:https://www.dailysabah.com/====== Robot is Working And Has Data
	

Info (2017-12-06 13:37:11.0884)--------- 
             
             Call Site:WindowsServiceRobot.Service1.GetRobotInfo
             Exception Type:
             Exception Message:
             Stack Trace:
             Additional Info: 
Info:http://www.turkishpress.com/national/====== Robot is Not Crawling
	

Info (2017-12-06 13:37:12.6391)--------- 
             
             Call Site:WindowsServiceRobot.Service1.GetRobotInfo
             Exception Type:
             Exception Message:
             Stack Trace:
             Additional Info: 
Info:https://www.chp.org.tr/====== Robot is Working And Has Data
	

Info (2017-12-06 13:37:12.8721)--------- 
             
             Call Site:WindowsServiceRobot.Service1.GetRobotInfo
             Exception Type:
             Exception Message:
             Stack Trace:
             Additional Info: 
Info:http://www.gulenmovement.com/articles====== Robot is Not Crawling
	

Info (2017-12-06 13:37:15.3713)--------- 
             
             Call Site:WindowsServiceRobot.Service1.GetRobotInfo
             Exception Type:
             Exception Message:
             Stack Trace:
             Additional Info: 
Info:http://www.akparti.org.tr/english====== Robot is Working And Has Data
	

Fatal (2017-12-06 13:37:15.3903)--------- 
             
             Call Site:WindowsServiceRobot.Service1.OnStop
             Exception Type:
             Exception Message:
             Stack Trace:
             Additional Info: Fatal: Service is stoped


